<?xml version="1.0" encoding="UTF-8"?>
<coverage generated="1748651717057" clover="3.2.0">
  <project timestamp="1748651717058" name="All files">
    <metrics statements="137" coveredstatements="124" conditionals="102" coveredconditionals="84" methods="31" coveredmethods="23" elements="270" coveredelements="231" complexity="0" loc="137" ncloc="137" packages="1" files="5" classes="5"/>
    <file name="AuthModal.tsx" path="C:\Users\PaulC\Downloads\development\anomaly\frontend\src\components\AuthModal.tsx">
      <metrics statements="30" coveredstatements="27" conditionals="22" coveredconditionals="19" methods="6" coveredmethods="5"/>
      <line num="5" count="20" type="stmt"/>
      <line num="6" count="20" type="stmt"/>
      <line num="7" count="20" type="stmt"/>
      <line num="8" count="20" type="stmt"/>
      <line num="9" count="20" type="stmt"/>
      <line num="11" count="20" type="stmt"/>
      <line num="12" count="3" type="stmt"/>
      <line num="13" count="3" type="stmt"/>
      <line num="14" count="3" type="stmt"/>
      <line num="15" count="3" type="stmt"/>
      <line num="16" count="3" type="stmt"/>
      <line num="21" count="3" type="stmt"/>
      <line num="22" count="3" type="cond" truecount="2" falsecount="0"/>
      <line num="23" count="2" type="cond" truecount="1" falsecount="1"/>
      <line num="25" count="1" type="cond" truecount="1" falsecount="1"/>
      <line num="26" count="0" type="stmt"/>
      <line num="29" count="1" type="stmt"/>
      <line num="34" count="1" type="stmt"/>
      <line num="35" count="1" type="cond" truecount="1" falsecount="1"/>
      <line num="37" count="1" type="stmt"/>
      <line num="38" count="1" type="stmt"/>
      <line num="39" count="1" type="stmt"/>
      <line num="42" count="0" type="stmt"/>
      <line num="44" count="3" type="stmt"/>
      <line num="48" count="20" type="cond" truecount="2" falsecount="0"/>
      <line num="49" count="19" type="stmt"/>
      <line num="60" count="3" type="stmt"/>
      <line num="68" count="3" type="stmt"/>
      <line num="84" count="2" type="stmt"/>
      <line num="89" count="0" type="stmt"/>
    </file>
    <file name="DashboardFilterControls.tsx" path="C:\Users\PaulC\Downloads\development\anomaly\frontend\src\components\DashboardFilterControls.tsx">
      <metrics statements="3" coveredstatements="2" conditionals="0" coveredconditionals="0" methods="3" coveredmethods="2"/>
      <line num="8" count="18" type="stmt"/>
      <line num="21" count="1" type="stmt"/>
      <line num="28" count="0" type="stmt"/>
    </file>
    <file name="DashboardStats.tsx" path="C:\Users\PaulC\Downloads\development\anomaly\frontend\src\components\DashboardStats.tsx">
      <metrics statements="36" coveredstatements="32" conditionals="34" coveredconditionals="28" methods="10" coveredmethods="6"/>
      <line num="8" count="1" type="stmt"/>
      <line num="18" count="17" type="stmt"/>
      <line num="19" count="17" type="stmt"/>
      <line num="20" count="17" type="stmt"/>
      <line num="21" count="17" type="stmt"/>
      <line num="22" count="17" type="cond" truecount="2" falsecount="0"/>
      <line num="23" count="17" type="cond" truecount="2" falsecount="0"/>
      <line num="25" count="17" type="stmt"/>
      <line num="26" count="6" type="stmt"/>
      <line num="30" count="17" type="stmt"/>
      <line num="31" count="6" type="stmt"/>
      <line num="32" count="6" type="stmt"/>
      <line num="33" count="6" type="stmt"/>
      <line num="34" count="6" type="stmt"/>
      <line num="35" count="6" type="stmt"/>
      <line num="36" count="6" type="stmt"/>
      <line num="37" count="6" type="cond" truecount="1" falsecount="1"/>
      <line num="38" count="6" type="cond" truecount="1" falsecount="1"/>
      <line num="39" count="6" type="cond" truecount="1" falsecount="1"/>
      <line num="40" count="6" type="stmt"/>
      <line num="45" count="5" type="cond" truecount="2" falsecount="0"/>
      <line num="46" count="1" type="stmt"/>
      <line num="47" count="1" type="cond" truecount="1" falsecount="1"/>
      <line num="48" count="1" type="stmt"/>
      <line num="50" count="4" type="stmt"/>
      <line num="53" count="1" type="stmt"/>
      <line num="54" count="1" type="stmt"/>
      <line num="56" count="6" type="stmt"/>
      <line num="60" count="17" type="stmt"/>
      <line num="118" count="0" type="stmt"/>
      <line num="119" count="0" type="stmt"/>
      <line num="154" count="2" type="stmt"/>
      <line num="158" count="0" type="stmt"/>
      <line num="160" count="0" type="stmt"/>
      <line num="195" count="2" type="cond" truecount="4" falsecount="0"/>
      <line num="232" count="1" type="cond" truecount="1" falsecount="1"/>
    </file>
    <file name="TransactionsTable.tsx" path="C:\Users\PaulC\Downloads\development\anomaly\frontend\src\components\TransactionsTable.tsx">
      <metrics statements="38" coveredstatements="33" conditionals="24" coveredconditionals="21" methods="9" coveredmethods="7"/>
      <line num="18" count="31" type="stmt"/>
      <line num="19" count="31" type="stmt"/>
      <line num="20" count="31" type="stmt"/>
      <line num="21" count="31" type="stmt"/>
      <line num="22" count="31" type="stmt"/>
      <line num="23" count="31" type="stmt"/>
      <line num="25" count="31" type="stmt"/>
      <line num="26" count="31" type="stmt"/>
      <line num="28" count="31" type="stmt"/>
      <line num="29" count="11" type="stmt"/>
      <line num="33" count="31" type="stmt"/>
      <line num="34" count="12" type="stmt"/>
      <line num="35" count="12" type="stmt"/>
      <line num="36" count="12" type="stmt"/>
      <line num="37" count="12" type="stmt"/>
      <line num="38" count="12" type="stmt"/>
      <line num="39" count="12" type="cond" truecount="1" falsecount="1"/>
      <line num="40" count="12" type="cond" truecount="2" falsecount="0"/>
      <line num="41" count="12" type="stmt"/>
      <line num="46" count="12" type="cond" truecount="2" falsecount="0"/>
      <line num="47" count="1" type="stmt"/>
      <line num="48" count="1" type="cond" truecount="1" falsecount="1"/>
      <line num="49" count="1" type="stmt"/>
      <line num="50" count="1" type="stmt"/>
      <line num="52" count="11" type="stmt"/>
      <line num="53" count="11" type="stmt"/>
      <line num="54" count="11" type="cond" truecount="4" falsecount="0"/>
      <line num="57" count="0" type="stmt"/>
      <line num="58" count="0" type="stmt"/>
      <line num="59" count="0" type="stmt"/>
      <line num="61" count="12" type="stmt"/>
      <line num="65" count="31" type="stmt"/>
      <line num="73" count="1" type="stmt"/>
      <line num="79" count="1" type="stmt"/>
      <line num="85" count="1" type="stmt"/>
      <line num="117" count="22" type="cond" truecount="2" falsecount="0"/>
      <line num="139" count="0" type="stmt"/>
      <line num="147" count="0" type="stmt"/>
    </file>
    <file name="UploadForm.tsx" path="C:\Users\PaulC\Downloads\development\anomaly\frontend\src\components\UploadForm.tsx">
      <metrics statements="30" coveredstatements="30" conditionals="22" coveredconditionals="16" methods="3" coveredmethods="3"/>
      <line num="5" count="13" type="stmt"/>
      <line num="6" count="13" type="stmt"/>
      <line num="7" count="13" type="stmt"/>
      <line num="8" count="13" type="stmt"/>
      <line num="9" count="13" type="stmt"/>
      <line num="11" count="13" type="stmt"/>
      <line num="12" count="3" type="cond" truecount="3" falsecount="1"/>
      <line num="13" count="3" type="stmt"/>
      <line num="14" count="3" type="stmt"/>
      <line num="18" count="13" type="stmt"/>
      <line num="19" count="4" type="stmt"/>
      <line num="20" count="4" type="stmt"/>
      <line num="21" count="4" type="cond" truecount="2" falsecount="0"/>
      <line num="22" count="1" type="stmt"/>
      <line num="23" count="1" type="stmt"/>
      <line num="25" count="3" type="stmt"/>
      <line num="26" count="3" type="stmt"/>
      <line num="27" count="3" type="stmt"/>
      <line num="28" count="3" type="stmt"/>
      <line num="29" count="3" type="stmt"/>
      <line num="30" count="3" type="stmt"/>
      <line num="37" count="2" type="cond" truecount="2" falsecount="0"/>
      <line num="38" count="1" type="stmt"/>
      <line num="39" count="1" type="cond" truecount="1" falsecount="1"/>
      <line num="41" count="1" type="stmt"/>
      <line num="42" count="1" type="stmt"/>
      <line num="48" count="1" type="cond" truecount="1" falsecount="1"/>
      <line num="51" count="1" type="stmt"/>
      <line num="53" count="3" type="stmt"/>
      <line num="57" count="13" type="stmt"/>
    </file>
  </project>
</coverage>
