{"C:\\Users\\PaulC\\Downloads\\development\\anomaly\\frontend\\src\\components\\AuthModal.tsx": {"path":"C:\\Users\\PaulC\\Downloads\\development\\anomaly\\frontend\\src\\components\\AuthModal.tsx","statementMap":{"0":{"start":{"line":5,"column":26},"end":{"line":5,"column":65}},"1":{"start":{"line":6,"column":28},"end":{"line":6,"column":40}},"2":{"start":{"line":7,"column":34},"end":{"line":7,"column":46}},"3":{"start":{"line":8,"column":32},"end":{"line":8,"column":47}},"4":{"start":{"line":9,"column":28},"end":{"line":9,"column":40}},"5":{"start":{"line":11,"column":23},"end":{"line":46,"column":3}},"6":{"start":{"line":12,"column":4},"end":{"line":12,"column":23}},"7":{"start":{"line":13,"column":4},"end":{"line":13,"column":21}},"8":{"start":{"line":14,"column":4},"end":{"line":14,"column":17}},"9":{"start":{"line":15,"column":4},"end":{"line":45,"column":5}},"10":{"start":{"line":16,"column":18},"end":{"line":20,"column":8}},"11":{"start":{"line":21,"column":19},"end":{"line":21,"column":35}},"12":{"start":{"line":22,"column":6},"end":{"line":40,"column":7}},"13":{"start":{"line":23,"column":8},"end":{"line":23,"column":48}},"14":{"start":{"line":25,"column":8},"end":{"line":36,"column":9}},"15":{"start":{"line":26,"column":10},"end":{"line":26,"column":59}},"16":{"start":{"line":29,"column":27},"end":{"line":33,"column":12}},"17":{"start":{"line":34,"column":28},"end":{"line":34,"column":49}},"18":{"start":{"line":35,"column":10},"end":{"line":35,"column":81}},"19":{"start":{"line":35,"column":27},"end":{"line":35,"column":81}},"20":{"start":{"line":37,"column":8},"end":{"line":37,"column":21}},"21":{"start":{"line":37,"column":22},"end":{"line":37,"column":38}},"22":{"start":{"line":38,"column":8},"end":{"line":38,"column":17}},"23":{"start":{"line":39,"column":8},"end":{"line":39,"column":18}},"24":{"start":{"line":42,"column":6},"end":{"line":42,"column":45}},"25":{"start":{"line":44,"column":6},"end":{"line":44,"column":24}},"26":{"start":{"line":48,"column":2},"end":{"line":48,"column":25}},"27":{"start":{"line":48,"column":13},"end":{"line":48,"column":25}},"28":{"start":{"line":49,"column":2},"end":{"line":95,"column":4}},"29":{"start":{"line":60,"column":27},"end":{"line":60,"column":51}},"30":{"start":{"line":68,"column":27},"end":{"line":68,"column":54}},"31":{"start":{"line":84,"column":79},"end":{"line":84,"column":98}},"32":{"start":{"line":89,"column":79},"end":{"line":89,"column":95}}},"fnMap":{"0":{"name":"AuthModal","decl":{"start":{"line":4,"column":24},"end":{"line":4,"column":33}},"loc":{"start":{"line":4,"column":121},"end":{"line":96,"column":1}},"line":4},"1":{"name":"(anonymous_1)","decl":{"start":{"line":11,"column":23},"end":{"line":11,"column":24}},"loc":{"start":{"line":11,"column":53},"end":{"line":46,"column":3}},"line":11},"2":{"name":"(anonymous_2)","decl":{"start":{"line":60,"column":22},"end":{"line":60,"column":23}},"loc":{"start":{"line":60,"column":27},"end":{"line":60,"column":51}},"line":60},"3":{"name":"(anonymous_3)","decl":{"start":{"line":68,"column":22},"end":{"line":68,"column":23}},"loc":{"start":{"line":68,"column":27},"end":{"line":68,"column":54}},"line":68},"4":{"name":"(anonymous_4)","decl":{"start":{"line":84,"column":73},"end":{"line":84,"column":74}},"loc":{"start":{"line":84,"column":79},"end":{"line":84,"column":98}},"line":84},"5":{"name":"(anonymous_5)","decl":{"start":{"line":89,"column":73},"end":{"line":89,"column":74}},"loc":{"start":{"line":89,"column":79},"end":{"line":89,"column":95}},"line":89}},"branchMap":{"0":{"loc":{"start":{"line":22,"column":6},"end":{"line":40,"column":7}},"type":"if","locations":[{"start":{"line":22,"column":6},"end":{"line":40,"column":7}},{"start":{"line":24,"column":13},"end":{"line":40,"column":7}}],"line":22},"1":{"loc":{"start":{"line":23,"column":17},"end":{"line":23,"column":46}},"type":"binary-expr","locations":[{"start":{"line":23,"column":17},"end":{"line":23,"column":28}},{"start":{"line":23,"column":32},"end":{"line":23,"column":46}}],"line":23},"2":{"loc":{"start":{"line":25,"column":8},"end":{"line":36,"column":9}},"type":"if","locations":[{"start":{"line":25,"column":8},"end":{"line":36,"column":9}},{"start":{"line":27,"column":15},"end":{"line":36,"column":9}}],"line":25},"3":{"loc":{"start":{"line":35,"column":10},"end":{"line":35,"column":81}},"type":"if","locations":[{"start":{"line":35,"column":10},"end":{"line":35,"column":81}},{"start":{},"end":{}}],"line":35},"4":{"loc":{"start":{"line":48,"column":2},"end":{"line":48,"column":25}},"type":"if","locations":[{"start":{"line":48,"column":2},"end":{"line":48,"column":25}},{"start":{},"end":{}}],"line":48},"5":{"loc":{"start":{"line":53,"column":60},"end":{"line":53,"column":99}},"type":"cond-expr","locations":[{"start":{"line":53,"column":79},"end":{"line":53,"column":86}},{"start":{"line":53,"column":89},"end":{"line":53,"column":99}}],"line":53},"6":{"loc":{"start":{"line":76,"column":13},"end":{"line":76,"column":122}},"type":"cond-expr","locations":[{"start":{"line":76,"column":24},"end":{"line":76,"column":77}},{"start":{"line":76,"column":82},"end":{"line":76,"column":121}}],"line":76},"7":{"loc":{"start":{"line":76,"column":24},"end":{"line":76,"column":77}},"type":"cond-expr","locations":[{"start":{"line":76,"column":43},"end":{"line":76,"column":58}},{"start":{"line":76,"column":61},"end":{"line":76,"column":77}}],"line":76},"8":{"loc":{"start":{"line":76,"column":82},"end":{"line":76,"column":121}},"type":"cond-expr","locations":[{"start":{"line":76,"column":101},"end":{"line":76,"column":108}},{"start":{"line":76,"column":111},"end":{"line":76,"column":121}}],"line":76},"9":{"loc":{"start":{"line":79,"column":9},"end":{"line":79,"column":86}},"type":"binary-expr","locations":[{"start":{"line":79,"column":9},"end":{"line":79,"column":14}},{"start":{"line":79,"column":18},"end":{"line":79,"column":86}}],"line":79},"10":{"loc":{"start":{"line":81,"column":11},"end":{"line":91,"column":11}},"type":"cond-expr","locations":[{"start":{"line":82,"column":12},"end":{"line":85,"column":19}},{"start":{"line":87,"column":12},"end":{"line":90,"column":19}}],"line":81}},"s":{"0":20,"1":20,"2":20,"3":20,"4":20,"5":20,"6":3,"7":3,"8":3,"9":3,"10":3,"11":3,"12":3,"13":2,"14":1,"15":0,"16":1,"17":1,"18":1,"19":1,"20":1,"21":1,"22":1,"23":1,"24":0,"25":3,"26":20,"27":1,"28":19,"29":3,"30":3,"31":2,"32":0},"f":{"0":20,"1":3,"2":3,"3":3,"4":2,"5":0},"b":{"0":[2,1],"1":[2,0],"2":[0,1],"3":[1,0],"4":[1,19],"5":[13,6],"6":[3,16],"7":[2,1],"8":[11,5],"9":[19,2],"10":[13,6]},"_coverageSchema":"1a1c01bbd47fc00a2c39e90264f33305004495a9","hash":"536627f7c6ef3e1ccf24480b74cc225f020bf333"}
,"C:\\Users\\PaulC\\Downloads\\development\\anomaly\\frontend\\src\\components\\DashboardFilterControls.tsx": {"path":"C:\\Users\\PaulC\\Downloads\\development\\anomaly\\frontend\\src\\components\\DashboardFilterControls.tsx","statementMap":{"0":{"start":{"line":8,"column":2},"end":{"line":31,"column":4}},"1":{"start":{"line":21,"column":23},"end":{"line":21,"column":77}},"2":{"start":{"line":28,"column":23},"end":{"line":28,"column":75}}},"fnMap":{"0":{"name":"DashboardFilterControls","decl":{"start":{"line":4,"column":24},"end":{"line":4,"column":47}},"loc":{"start":{"line":7,"column":3},"end":{"line":32,"column":1}},"line":7},"1":{"name":"(anonymous_1)","decl":{"start":{"line":21,"column":18},"end":{"line":21,"column":19}},"loc":{"start":{"line":21,"column":23},"end":{"line":21,"column":77}},"line":21},"2":{"name":"(anonymous_2)","decl":{"start":{"line":28,"column":18},"end":{"line":28,"column":19}},"loc":{"start":{"line":28,"column":23},"end":{"line":28,"column":75}},"line":28}},"branchMap":{},"s":{"0":18,"1":1,"2":0},"f":{"0":18,"1":1,"2":0},"b":{},"_coverageSchema":"1a1c01bbd47fc00a2c39e90264f33305004495a9","hash":"2ec30d74b6aacfbb74f79dd90ae06aefba702de5"}
,"C:\\Users\\PaulC\\Downloads\\development\\anomaly\\frontend\\src\\components\\DashboardStats.tsx": {"path":"C:\\Users\\PaulC\\Downloads\\development\\anomaly\\frontend\\src\\components\\DashboardStats.tsx","statementMap":{"0":{"start":{"line":8,"column":15},"end":{"line":8,"column":81}},"1":{"start":{"line":18,"column":28},"end":{"line":18,"column":47}},"2":{"start":{"line":19,"column":32},"end":{"line":19,"column":47}},"3":{"start":{"line":20,"column":28},"end":{"line":20,"column":40}},"4":{"start":{"line":21,"column":48},"end":{"line":21,"column":132}},"5":{"start":{"line":22,"column":18},"end":{"line":22,"column":50}},"6":{"start":{"line":23,"column":21},"end":{"line":23,"column":59}},"7":{"start":{"line":25,"column":2},"end":{"line":28,"column":16}},"8":{"start":{"line":26,"column":4},"end":{"line":26,"column":17}},"9":{"start":{"line":30,"column":21},"end":{"line":58,"column":3}},"10":{"start":{"line":31,"column":4},"end":{"line":31,"column":21}},"11":{"start":{"line":32,"column":4},"end":{"line":32,"column":17}},"12":{"start":{"line":33,"column":4},"end":{"line":57,"column":5}},"13":{"start":{"line":34,"column":20},"end":{"line":34,"column":49}},"14":{"start":{"line":35,"column":16},"end":{"line":35,"column":50}},"15":{"start":{"line":36,"column":21},"end":{"line":36,"column":23}},"16":{"start":{"line":37,"column":6},"end":{"line":37,"column":78}},"17":{"start":{"line":37,"column":30},"end":{"line":37,"column":78}},"18":{"start":{"line":38,"column":6},"end":{"line":38,"column":72}},"19":{"start":{"line":38,"column":28},"end":{"line":38,"column":72}},"20":{"start":{"line":39,"column":6},"end":{"line":39,"column":55}},"21":{"start":{"line":39,"column":25},"end":{"line":39,"column":55}},"22":{"start":{"line":40,"column":18},"end":{"line":44,"column":8}},"23":{"start":{"line":45,"column":6},"end":{"line":51,"column":7}},"24":{"start":{"line":46,"column":20},"end":{"line":46,"column":36}},"25":{"start":{"line":47,"column":8},"end":{"line":47,"column":47}},"26":{"start":{"line":48,"column":8},"end":{"line":48,"column":23}},"27":{"start":{"line":50,"column":8},"end":{"line":50,"column":35}},"28":{"start":{"line":53,"column":6},"end":{"line":53,"column":41}},"29":{"start":{"line":54,"column":6},"end":{"line":54,"column":21}},"30":{"start":{"line":56,"column":6},"end":{"line":56,"column":24}},"31":{"start":{"line":60,"column":2},"end":{"line":247,"column":4}},"32":{"start":{"line":118,"column":45},"end":{"line":118,"column":71}},"33":{"start":{"line":119,"column":43},"end":{"line":119,"column":77}},"34":{"start":{"line":154,"column":22},"end":{"line":154,"column":85}},"35":{"start":{"line":158,"column":20},"end":{"line":165,"column":25}},"36":{"start":{"line":160,"column":24},"end":{"line":163,"column":29}},"37":{"start":{"line":195,"column":20},"end":{"line":208,"column":25}},"38":{"start":{"line":232,"column":20},"end":{"line":238,"column":25}}},"fnMap":{"0":{"name":"DashboardStats","decl":{"start":{"line":17,"column":24},"end":{"line":17,"column":38}},"loc":{"start":{"line":17,"column":118},"end":{"line":248,"column":1}},"line":17},"1":{"name":"(anonymous_1)","decl":{"start":{"line":25,"column":12},"end":{"line":25,"column":13}},"loc":{"start":{"line":25,"column":18},"end":{"line":28,"column":3}},"line":25},"2":{"name":"(anonymous_2)","decl":{"start":{"line":30,"column":21},"end":{"line":30,"column":22}},"loc":{"start":{"line":30,"column":33},"end":{"line":58,"column":3}},"line":30},"3":{"name":"(anonymous_3)","decl":{"start":{"line":118,"column":40},"end":{"line":118,"column":41}},"loc":{"start":{"line":118,"column":45},"end":{"line":118,"column":71}},"line":118},"4":{"name":"(anonymous_4)","decl":{"start":{"line":119,"column":38},"end":{"line":119,"column":39}},"loc":{"start":{"line":119,"column":43},"end":{"line":119,"column":77}},"line":119},"5":{"name":"(anonymous_5)","decl":{"start":{"line":153,"column":49},"end":{"line":153,"column":50}},"loc":{"start":{"line":154,"column":22},"end":{"line":154,"column":85}},"line":154},"6":{"name":"(anonymous_6)","decl":{"start":{"line":157,"column":35},"end":{"line":157,"column":36}},"loc":{"start":{"line":158,"column":20},"end":{"line":165,"column":25}},"line":158},"7":{"name":"(anonymous_7)","decl":{"start":{"line":159,"column":36},"end":{"line":159,"column":37}},"loc":{"start":{"line":160,"column":24},"end":{"line":163,"column":29}},"line":160},"8":{"name":"(anonymous_8)","decl":{"start":{"line":194,"column":50},"end":{"line":194,"column":51}},"loc":{"start":{"line":195,"column":20},"end":{"line":208,"column":25}},"line":195},"9":{"name":"(anonymous_9)","decl":{"start":{"line":231,"column":46},"end":{"line":231,"column":47}},"loc":{"start":{"line":232,"column":20},"end":{"line":238,"column":25}},"line":232}},"branchMap":{"0":{"loc":{"start":{"line":22,"column":18},"end":{"line":22,"column":50}},"type":"binary-expr","locations":[{"start":{"line":22,"column":18},"end":{"line":22,"column":31}},{"start":{"line":22,"column":35},"end":{"line":22,"column":50}}],"line":22},"1":{"loc":{"start":{"line":23,"column":21},"end":{"line":23,"column":59}},"type":"binary-expr","locations":[{"start":{"line":23,"column":21},"end":{"line":23,"column":37}},{"start":{"line":23,"column":41},"end":{"line":23,"column":59}}],"line":23},"2":{"loc":{"start":{"line":37,"column":6},"end":{"line":37,"column":78}},"type":"if","locations":[{"start":{"line":37,"column":6},"end":{"line":37,"column":78}},{"start":{},"end":{}}],"line":37},"3":{"loc":{"start":{"line":38,"column":6},"end":{"line":38,"column":72}},"type":"if","locations":[{"start":{"line":38,"column":6},"end":{"line":38,"column":72}},{"start":{},"end":{}}],"line":38},"4":{"loc":{"start":{"line":39,"column":6},"end":{"line":39,"column":55}},"type":"if","locations":[{"start":{"line":39,"column":6},"end":{"line":39,"column":55}},{"start":{},"end":{}}],"line":39},"5":{"loc":{"start":{"line":42,"column":25},"end":{"line":42,"column":55}},"type":"cond-expr","locations":[{"start":{"line":42,"column":33},"end":{"line":42,"column":50}},{"start":{"line":42,"column":53},"end":{"line":42,"column":55}}],"line":42},"6":{"loc":{"start":{"line":45,"column":6},"end":{"line":51,"column":7}},"type":"if","locations":[{"start":{"line":45,"column":6},"end":{"line":51,"column":7}},{"start":{"line":49,"column":13},"end":{"line":51,"column":7}}],"line":45},"7":{"loc":{"start":{"line":47,"column":17},"end":{"line":47,"column":45}},"type":"binary-expr","locations":[{"start":{"line":47,"column":17},"end":{"line":47,"column":27}},{"start":{"line":47,"column":31},"end":{"line":47,"column":45}}],"line":47},"8":{"loc":{"start":{"line":65,"column":9},"end":{"line":84,"column":16}},"type":"cond-expr","locations":[{"start":{"line":66,"column":10},"end":{"line":66,"column":57}},{"start":{"line":67,"column":12},"end":{"line":84,"column":16}}],"line":65},"9":{"loc":{"start":{"line":67,"column":12},"end":{"line":84,"column":16}},"type":"cond-expr","locations":[{"start":{"line":68,"column":10},"end":{"line":68,"column":53}},{"start":{"line":69,"column":12},"end":{"line":84,"column":16}}],"line":67},"10":{"loc":{"start":{"line":69,"column":12},"end":{"line":84,"column":16}},"type":"cond-expr","locations":[{"start":{"line":70,"column":10},"end":{"line":83,"column":16}},{"start":{"line":84,"column":12},"end":{"line":84,"column":16}}],"line":69},"11":{"loc":{"start":{"line":87,"column":7},"end":{"line":172,"column":7}},"type":"binary-expr","locations":[{"start":{"line":87,"column":7},"end":{"line":87,"column":12}},{"start":{"line":88,"column":8},"end":{"line":171,"column":14}}],"line":87},"12":{"loc":{"start":{"line":174,"column":7},"end":{"line":245,"column":7}},"type":"binary-expr","locations":[{"start":{"line":174,"column":7},"end":{"line":174,"column":12}},{"start":{"line":175,"column":8},"end":{"line":244,"column":14}}],"line":174},"13":{"loc":{"start":{"line":195,"column":68},"end":{"line":195,"column":109}},"type":"cond-expr","locations":[{"start":{"line":195,"column":84},"end":{"line":195,"column":96}},{"start":{"line":195,"column":99},"end":{"line":195,"column":109}}],"line":195},"14":{"loc":{"start":{"line":195,"column":130},"end":{"line":195,"column":179}},"type":"cond-expr","locations":[{"start":{"line":195,"column":146},"end":{"line":195,"column":174}},{"start":{"line":195,"column":177},"end":{"line":195,"column":179}}],"line":195},"15":{"loc":{"start":{"line":202,"column":25},"end":{"line":206,"column":25}},"type":"cond-expr","locations":[{"start":{"line":203,"column":26},"end":{"line":203,"column":133}},{"start":{"line":205,"column":26},"end":{"line":205,"column":120}}],"line":202},"16":{"loc":{"start":{"line":232,"column":68},"end":{"line":232,"column":108}},"type":"cond-expr","locations":[{"start":{"line":232,"column":84},"end":{"line":232,"column":95}},{"start":{"line":232,"column":98},"end":{"line":232,"column":108}}],"line":232}},"s":{"0":1,"1":17,"2":17,"3":17,"4":17,"5":17,"6":17,"7":17,"8":6,"9":17,"10":6,"11":6,"12":6,"13":6,"14":6,"15":6,"16":6,"17":0,"18":6,"19":0,"20":6,"21":0,"22":6,"23":5,"24":1,"25":1,"26":1,"27":4,"28":1,"29":1,"30":6,"31":17,"32":0,"33":0,"34":2,"35":0,"36":0,"37":2,"38":1},"f":{"0":17,"1":6,"2":6,"3":0,"4":0,"5":2,"6":0,"7":0,"8":2,"9":1},"b":{"0":[17,17],"1":[17,17],"2":[0,6],"3":[0,6],"4":[0,6],"5":[0,5],"6":[1,4],"7":[1,0],"8":[5,12],"9":[2,10],"10":[4,6],"11":[17,4],"12":[17,4],"13":[1,1],"14":[1,1],"15":[1,1],"16":[1,0]},"_coverageSchema":"1a1c01bbd47fc00a2c39e90264f33305004495a9","hash":"368321c653792957186acf7d2a51f8838276ac47"}
,"C:\\Users\\PaulC\\Downloads\\development\\anomaly\\frontend\\src\\components\\TransactionsTable.tsx": {"path":"C:\\Users\\PaulC\\Downloads\\development\\anomaly\\frontend\\src\\components\\TransactionsTable.tsx","statementMap":{"0":{"start":{"line":18,"column":42},"end":{"line":18,"column":69}},"1":{"start":{"line":19,"column":32},"end":{"line":19,"column":47}},"2":{"start":{"line":20,"column":28},"end":{"line":20,"column":48}},"3":{"start":{"line":21,"column":26},"end":{"line":21,"column":37}},"4":{"start":{"line":22,"column":18},"end":{"line":22,"column":30}},"5":{"start":{"line":23,"column":28},"end":{"line":23,"column":57}},"6":{"start":{"line":25,"column":38},"end":{"line":25,"column":50}},"7":{"start":{"line":26,"column":44},"end":{"line":26,"column":59}},"8":{"start":{"line":28,"column":2},"end":{"line":31,"column":43}},"9":{"start":{"line":29,"column":4},"end":{"line":29,"column":24}},"10":{"start":{"line":33,"column":28},"end":{"line":63,"column":3}},"11":{"start":{"line":34,"column":4},"end":{"line":34,"column":21}},"12":{"start":{"line":35,"column":4},"end":{"line":35,"column":17}},"13":{"start":{"line":36,"column":4},"end":{"line":62,"column":5}},"14":{"start":{"line":37,"column":20},"end":{"line":37,"column":49}},"15":{"start":{"line":38,"column":16},"end":{"line":38,"column":95}},"16":{"start":{"line":39,"column":6},"end":{"line":39,"column":78}},"17":{"start":{"line":39,"column":22},"end":{"line":39,"column":78}},"18":{"start":{"line":40,"column":6},"end":{"line":40,"column":51}},"19":{"start":{"line":40,"column":25},"end":{"line":40,"column":51}},"20":{"start":{"line":41,"column":18},"end":{"line":45,"column":8}},"21":{"start":{"line":46,"column":6},"end":{"line":55,"column":7}},"22":{"start":{"line":47,"column":20},"end":{"line":47,"column":36}},"23":{"start":{"line":48,"column":8},"end":{"line":48,"column":47}},"24":{"start":{"line":49,"column":8},"end":{"line":49,"column":28}},"25":{"start":{"line":50,"column":8},"end":{"line":50,"column":23}},"26":{"start":{"line":52,"column":21},"end":{"line":52,"column":37}},"27":{"start":{"line":53,"column":8},"end":{"line":53,"column":30}},"28":{"start":{"line":54,"column":8},"end":{"line":54,"column":73}},"29":{"start":{"line":57,"column":6},"end":{"line":57,"column":48}},"30":{"start":{"line":58,"column":6},"end":{"line":58,"column":26}},"31":{"start":{"line":59,"column":6},"end":{"line":59,"column":21}},"32":{"start":{"line":61,"column":6},"end":{"line":61,"column":24}},"33":{"start":{"line":65,"column":2},"end":{"line":154,"column":4}},"34":{"start":{"line":73,"column":25},"end":{"line":73,"column":54}},"35":{"start":{"line":79,"column":27},"end":{"line":79,"column":61}},"36":{"start":{"line":85,"column":25},"end":{"line":85,"column":44}},"37":{"start":{"line":117,"column":16},"end":{"line":130,"column":21}},"38":{"start":{"line":139,"column":25},"end":{"line":139,"column":42}},"39":{"start":{"line":147,"column":25},"end":{"line":147,"column":42}}},"fnMap":{"0":{"name":"TransactionsTable","decl":{"start":{"line":17,"column":24},"end":{"line":17,"column":41}},"loc":{"start":{"line":17,"column":73},"end":{"line":155,"column":1}},"line":17},"1":{"name":"(anonymous_1)","decl":{"start":{"line":28,"column":12},"end":{"line":28,"column":13}},"loc":{"start":{"line":28,"column":18},"end":{"line":31,"column":3}},"line":28},"2":{"name":"(anonymous_2)","decl":{"start":{"line":33,"column":28},"end":{"line":33,"column":29}},"loc":{"start":{"line":33,"column":40},"end":{"line":63,"column":3}},"line":33},"3":{"name":"(anonymous_3)","decl":{"start":{"line":73,"column":20},"end":{"line":73,"column":21}},"loc":{"start":{"line":73,"column":25},"end":{"line":73,"column":54}},"line":73},"4":{"name":"(anonymous_4)","decl":{"start":{"line":79,"column":22},"end":{"line":79,"column":23}},"loc":{"start":{"line":79,"column":27},"end":{"line":79,"column":61}},"line":79},"5":{"name":"(anonymous_5)","decl":{"start":{"line":85,"column":19},"end":{"line":85,"column":20}},"loc":{"start":{"line":85,"column":25},"end":{"line":85,"column":44}},"line":85},"6":{"name":"(anonymous_6)","decl":{"start":{"line":116,"column":31},"end":{"line":116,"column":32}},"loc":{"start":{"line":117,"column":16},"end":{"line":130,"column":21}},"line":117},"7":{"name":"(anonymous_7)","decl":{"start":{"line":139,"column":19},"end":{"line":139,"column":20}},"loc":{"start":{"line":139,"column":25},"end":{"line":139,"column":42}},"line":139},"8":{"name":"(anonymous_8)","decl":{"start":{"line":147,"column":19},"end":{"line":147,"column":20}},"loc":{"start":{"line":147,"column":25},"end":{"line":147,"column":42}},"line":147}},"branchMap":{"0":{"loc":{"start":{"line":39,"column":6},"end":{"line":39,"column":78}},"type":"if","locations":[{"start":{"line":39,"column":6},"end":{"line":39,"column":78}},{"start":{},"end":{}}],"line":39},"1":{"loc":{"start":{"line":40,"column":6},"end":{"line":40,"column":51}},"type":"if","locations":[{"start":{"line":40,"column":6},"end":{"line":40,"column":51}},{"start":{},"end":{}}],"line":40},"2":{"loc":{"start":{"line":43,"column":25},"end":{"line":43,"column":55}},"type":"cond-expr","locations":[{"start":{"line":43,"column":33},"end":{"line":43,"column":50}},{"start":{"line":43,"column":53},"end":{"line":43,"column":55}}],"line":43},"3":{"loc":{"start":{"line":46,"column":6},"end":{"line":55,"column":7}},"type":"if","locations":[{"start":{"line":46,"column":6},"end":{"line":55,"column":7}},{"start":{"line":51,"column":13},"end":{"line":55,"column":7}}],"line":46},"4":{"loc":{"start":{"line":48,"column":17},"end":{"line":48,"column":45}},"type":"binary-expr","locations":[{"start":{"line":48,"column":17},"end":{"line":48,"column":27}},{"start":{"line":48,"column":31},"end":{"line":48,"column":45}}],"line":48},"5":{"loc":{"start":{"line":54,"column":17},"end":{"line":54,"column":71}},"type":"cond-expr","locations":[{"start":{"line":54,"column":53},"end":{"line":54,"column":64}},{"start":{"line":54,"column":67},"end":{"line":54,"column":71}}],"line":54},"6":{"loc":{"start":{"line":54,"column":17},"end":{"line":54,"column":50}},"type":"binary-expr","locations":[{"start":{"line":54,"column":17},"end":{"line":54,"column":36}},{"start":{"line":54,"column":40},"end":{"line":54,"column":50}}],"line":54},"7":{"loc":{"start":{"line":103,"column":13},"end":{"line":132,"column":13}},"type":"cond-expr","locations":[{"start":{"line":104,"column":14},"end":{"line":106,"column":19}},{"start":{"line":107,"column":16},"end":{"line":132,"column":13}}],"line":103},"8":{"loc":{"start":{"line":107,"column":16},"end":{"line":132,"column":13}},"type":"cond-expr","locations":[{"start":{"line":108,"column":14},"end":{"line":110,"column":19}},{"start":{"line":111,"column":16},"end":{"line":132,"column":13}}],"line":107},"9":{"loc":{"start":{"line":111,"column":16},"end":{"line":132,"column":13}},"type":"cond-expr","locations":[{"start":{"line":112,"column":14},"end":{"line":114,"column":19}},{"start":{"line":116,"column":14},"end":{"line":131,"column":16}}],"line":111},"10":{"loc":{"start":{"line":117,"column":43},"end":{"line":117,"column":75}},"type":"cond-expr","locations":[{"start":{"line":117,"column":59},"end":{"line":117,"column":70}},{"start":{"line":117,"column":73},"end":{"line":117,"column":75}}],"line":117},"11":{"loc":{"start":{"line":124,"column":21},"end":{"line":128,"column":21}},"type":"cond-expr","locations":[{"start":{"line":125,"column":22},"end":{"line":125,"column":115}},{"start":{"line":127,"column":22},"end":{"line":127,"column":120}}],"line":124}},"s":{"0":31,"1":31,"2":31,"3":31,"4":31,"5":31,"6":31,"7":31,"8":31,"9":11,"10":31,"11":12,"12":12,"13":12,"14":12,"15":12,"16":12,"17":0,"18":12,"19":1,"20":12,"21":12,"22":1,"23":1,"24":1,"25":1,"26":11,"27":11,"28":11,"29":0,"30":0,"31":0,"32":12,"33":31,"34":1,"35":1,"36":1,"37":22,"38":0,"39":0},"f":{"0":31,"1":11,"2":12,"3":1,"4":1,"5":1,"6":22,"7":0,"8":0},"b":{"0":[0,12],"1":[1,11],"2":[0,12],"3":[1,11],"4":[1,0],"5":[10,1],"6":[11,10],"7":[14,17],"8":[1,16],"9":[14,2],"10":[1,21],"11":[1,21]},"_coverageSchema":"1a1c01bbd47fc00a2c39e90264f33305004495a9","hash":"6f4b67affcd0f2f2f29d5a377b155d864d7d71d9"}
,"C:\\Users\\PaulC\\Downloads\\development\\anomaly\\frontend\\src\\components\\UploadForm.tsx": {"path":"C:\\Users\\PaulC\\Downloads\\development\\anomaly\\frontend\\src\\components\\UploadForm.tsx","statementMap":{"0":{"start":{"line":5,"column":26},"end":{"line":5,"column":53}},"1":{"start":{"line":6,"column":34},"end":{"line":6,"column":54}},"2":{"start":{"line":7,"column":32},"end":{"line":7,"column":47}},"3":{"start":{"line":8,"column":30},"end":{"line":8,"column":50}},"4":{"start":{"line":9,"column":19},"end":{"line":9,"column":49}},"5":{"start":{"line":11,"column":27},"end":{"line":16,"column":3}},"6":{"start":{"line":12,"column":4},"end":{"line":15,"column":5}},"7":{"start":{"line":13,"column":6},"end":{"line":13,"column":33}},"8":{"start":{"line":14,"column":6},"end":{"line":14,"column":42}},"9":{"start":{"line":18,"column":23},"end":{"line":55,"column":3}},"10":{"start":{"line":19,"column":4},"end":{"line":19,"column":23}},"11":{"start":{"line":20,"column":4},"end":{"line":20,"column":18}},"12":{"start":{"line":21,"column":4},"end":{"line":24,"column":5}},"13":{"start":{"line":22,"column":6},"end":{"line":22,"column":52}},"14":{"start":{"line":23,"column":6},"end":{"line":23,"column":13}},"15":{"start":{"line":25,"column":4},"end":{"line":25,"column":21}},"16":{"start":{"line":26,"column":4},"end":{"line":54,"column":5}},"17":{"start":{"line":27,"column":23},"end":{"line":27,"column":37}},"18":{"start":{"line":28,"column":6},"end":{"line":28,"column":36}},"19":{"start":{"line":29,"column":20},"end":{"line":29,"column":49}},"20":{"start":{"line":30,"column":18},"end":{"line":36,"column":8}},"21":{"start":{"line":37,"column":6},"end":{"line":49,"column":7}},"22":{"start":{"line":38,"column":20},"end":{"line":38,"column":36}},"23":{"start":{"line":39,"column":8},"end":{"line":39,"column":60}},"24":{"start":{"line":41,"column":21},"end":{"line":41,"column":37}},"25":{"start":{"line":42,"column":8},"end":{"line":47,"column":10}},"26":{"start":{"line":48,"column":8},"end":{"line":48,"column":33}},"27":{"start":{"line":48,"column":22},"end":{"line":48,"column":33}},"28":{"start":{"line":51,"column":6},"end":{"line":51,"column":45}},"29":{"start":{"line":53,"column":6},"end":{"line":53,"column":24}},"30":{"start":{"line":57,"column":2},"end":{"line":90,"column":4}}},"fnMap":{"0":{"name":"UploadForm","decl":{"start":{"line":4,"column":24},"end":{"line":4,"column":34}},"loc":{"start":{"line":4,"column":76},"end":{"line":91,"column":1}},"line":4},"1":{"name":"(anonymous_1)","decl":{"start":{"line":11,"column":27},"end":{"line":11,"column":28}},"loc":{"start":{"line":11,"column":71},"end":{"line":16,"column":3}},"line":11},"2":{"name":"(anonymous_2)","decl":{"start":{"line":18,"column":23},"end":{"line":18,"column":24}},"loc":{"start":{"line":18,"column":53},"end":{"line":55,"column":3}},"line":18}},"branchMap":{"0":{"loc":{"start":{"line":12,"column":4},"end":{"line":15,"column":5}},"type":"if","locations":[{"start":{"line":12,"column":4},"end":{"line":15,"column":5}},{"start":{},"end":{}}],"line":12},"1":{"loc":{"start":{"line":12,"column":8},"end":{"line":12,"column":43}},"type":"binary-expr","locations":[{"start":{"line":12,"column":8},"end":{"line":12,"column":22}},{"start":{"line":12,"column":26},"end":{"line":12,"column":43}}],"line":12},"2":{"loc":{"start":{"line":21,"column":4},"end":{"line":24,"column":5}},"type":"if","locations":[{"start":{"line":21,"column":4},"end":{"line":24,"column":5}},{"start":{},"end":{}}],"line":21},"3":{"loc":{"start":{"line":33,"column":25},"end":{"line":33,"column":55}},"type":"cond-expr","locations":[{"start":{"line":33,"column":33},"end":{"line":33,"column":50}},{"start":{"line":33,"column":53},"end":{"line":33,"column":55}}],"line":33},"4":{"loc":{"start":{"line":37,"column":6},"end":{"line":49,"column":7}},"type":"if","locations":[{"start":{"line":37,"column":6},"end":{"line":49,"column":7}},{"start":{"line":40,"column":13},"end":{"line":49,"column":7}}],"line":37},"5":{"loc":{"start":{"line":39,"column":28},"end":{"line":39,"column":56}},"type":"binary-expr","locations":[{"start":{"line":39,"column":28},"end":{"line":39,"column":38}},{"start":{"line":39,"column":42},"end":{"line":39,"column":56}}],"line":39},"6":{"loc":{"start":{"line":44,"column":13},"end":{"line":46,"column":18}},"type":"cond-expr","locations":[{"start":{"line":45,"column":16},"end":{"line":45,"column":54}},{"start":{"line":46,"column":16},"end":{"line":46,"column":18}}],"line":44},"7":{"loc":{"start":{"line":44,"column":13},"end":{"line":44,"column":46}},"type":"binary-expr","locations":[{"start":{"line":44,"column":13},"end":{"line":44,"column":24}},{"start":{"line":44,"column":28},"end":{"line":44,"column":46}}],"line":44},"8":{"loc":{"start":{"line":48,"column":8},"end":{"line":48,"column":33}},"type":"if","locations":[{"start":{"line":48,"column":8},"end":{"line":48,"column":33}},{"start":{},"end":{}}],"line":48},"9":{"loc":{"start":{"line":82,"column":9},"end":{"line":82,"column":44}},"type":"cond-expr","locations":[{"start":{"line":82,"column":19},"end":{"line":82,"column":33}},{"start":{"line":82,"column":36},"end":{"line":82,"column":44}}],"line":82},"10":{"loc":{"start":{"line":84,"column":7},"end":{"line":88,"column":7}},"type":"binary-expr","locations":[{"start":{"line":84,"column":7},"end":{"line":84,"column":13}},{"start":{"line":85,"column":8},"end":{"line":87,"column":14}}],"line":84}},"s":{"0":13,"1":13,"2":13,"3":13,"4":13,"5":13,"6":3,"7":3,"8":3,"9":13,"10":4,"11":4,"12":4,"13":1,"14":1,"15":3,"16":3,"17":3,"18":3,"19":3,"20":3,"21":2,"22":1,"23":1,"24":1,"25":1,"26":1,"27":0,"28":1,"29":3,"30":13},"f":{"0":13,"1":3,"2":4},"b":{"0":[3,0],"1":[3,3],"2":[1,3],"3":[0,3],"4":[1,1],"5":[1,0],"6":[0,1],"7":[1,0],"8":[0,1],"9":[3,10],"10":[13,3]},"_coverageSchema":"1a1c01bbd47fc00a2c39e90264f33305004495a9","hash":"a2beb2ecfeb0863f0fa4306914eb7efa38ee2c7d"}
}
