TN:
SF:src\components\AuthModal.tsx
FN:4,AuthModal
FN:11,(anonymous_1)
FN:60,(anonymous_2)
FN:68,(anonymous_3)
FN:84,(anonymous_4)
FN:89,(anonymous_5)
FNF:6
FNH:5
FNDA:20,AuthModal
FNDA:3,(anonymous_1)
FNDA:3,(anonymous_2)
FNDA:3,(anonymous_3)
FNDA:2,(anonymous_4)
FNDA:0,(anonymous_5)
DA:5,20
DA:6,20
DA:7,20
DA:8,20
DA:9,20
DA:11,20
DA:12,3
DA:13,3
DA:14,3
DA:15,3
DA:16,3
DA:21,3
DA:22,3
DA:23,2
DA:25,1
DA:26,0
DA:29,1
DA:34,1
DA:35,1
DA:37,1
DA:38,1
DA:39,1
DA:42,0
DA:44,3
DA:48,20
DA:49,19
DA:60,3
DA:68,3
DA:84,2
DA:89,0
LF:30
LH:27
BRDA:22,0,0,2
BRDA:22,0,1,1
BRDA:23,1,0,2
BRDA:23,1,1,0
BRDA:25,2,0,0
BRDA:25,2,1,1
BRDA:35,3,0,1
BRDA:35,3,1,0
BRDA:48,4,0,1
BRDA:48,4,1,19
BRDA:53,5,0,13
BRDA:53,5,1,6
BRDA:76,6,0,3
BRDA:76,6,1,16
BRDA:76,7,0,2
BRDA:76,7,1,1
BRDA:76,8,0,11
BRDA:76,8,1,5
BRDA:79,9,0,19
BRDA:79,9,1,2
BRDA:81,10,0,13
BRDA:81,10,1,6
BRF:22
BRH:19
end_of_record
TN:
SF:src\components\DashboardFilterControls.tsx
FN:4,DashboardFilterControls
FN:21,(anonymous_1)
FN:28,(anonymous_2)
FNF:3
FNH:2
FNDA:18,DashboardFilterControls
FNDA:1,(anonymous_1)
FNDA:0,(anonymous_2)
DA:8,18
DA:21,1
DA:28,0
LF:3
LH:2
BRF:0
BRH:0
end_of_record
TN:
SF:src\components\DashboardStats.tsx
FN:17,DashboardStats
FN:25,(anonymous_1)
FN:30,(anonymous_2)
FN:118,(anonymous_3)
FN:119,(anonymous_4)
FN:153,(anonymous_5)
FN:157,(anonymous_6)
FN:159,(anonymous_7)
FN:194,(anonymous_8)
FN:231,(anonymous_9)
FNF:10
FNH:6
FNDA:17,DashboardStats
FNDA:6,(anonymous_1)
FNDA:6,(anonymous_2)
FNDA:0,(anonymous_3)
FNDA:0,(anonymous_4)
FNDA:2,(anonymous_5)
FNDA:0,(anonymous_6)
FNDA:0,(anonymous_7)
FNDA:2,(anonymous_8)
FNDA:1,(anonymous_9)
DA:8,1
DA:18,17
DA:19,17
DA:20,17
DA:21,17
DA:22,17
DA:23,17
DA:25,17
DA:26,6
DA:30,17
DA:31,6
DA:32,6
DA:33,6
DA:34,6
DA:35,6
DA:36,6
DA:37,6
DA:38,6
DA:39,6
DA:40,6
DA:45,5
DA:46,1
DA:47,1
DA:48,1
DA:50,4
DA:53,1
DA:54,1
DA:56,6
DA:60,17
DA:118,0
DA:119,0
DA:154,2
DA:158,0
DA:160,0
DA:195,2
DA:232,1
LF:36
LH:32
BRDA:22,0,0,17
BRDA:22,0,1,17
BRDA:23,1,0,17
BRDA:23,1,1,17
BRDA:37,2,0,0
BRDA:37,2,1,6
BRDA:38,3,0,0
BRDA:38,3,1,6
BRDA:39,4,0,0
BRDA:39,4,1,6
BRDA:42,5,0,0
BRDA:42,5,1,5
BRDA:45,6,0,1
BRDA:45,6,1,4
BRDA:47,7,0,1
BRDA:47,7,1,0
BRDA:65,8,0,5
BRDA:65,8,1,12
BRDA:67,9,0,2
BRDA:67,9,1,10
BRDA:69,10,0,4
BRDA:69,10,1,6
BRDA:87,11,0,17
BRDA:87,11,1,4
BRDA:174,12,0,17
BRDA:174,12,1,4
BRDA:195,13,0,1
BRDA:195,13,1,1
BRDA:195,14,0,1
BRDA:195,14,1,1
BRDA:202,15,0,1
BRDA:202,15,1,1
BRDA:232,16,0,1
BRDA:232,16,1,0
BRF:34
BRH:28
end_of_record
TN:
SF:src\components\TransactionsTable.tsx
FN:17,TransactionsTable
FN:28,(anonymous_1)
FN:33,(anonymous_2)
FN:73,(anonymous_3)
FN:79,(anonymous_4)
FN:85,(anonymous_5)
FN:116,(anonymous_6)
FN:139,(anonymous_7)
FN:147,(anonymous_8)
FNF:9
FNH:7
FNDA:31,TransactionsTable
FNDA:11,(anonymous_1)
FNDA:12,(anonymous_2)
FNDA:1,(anonymous_3)
FNDA:1,(anonymous_4)
FNDA:1,(anonymous_5)
FNDA:22,(anonymous_6)
FNDA:0,(anonymous_7)
FNDA:0,(anonymous_8)
DA:18,31
DA:19,31
DA:20,31
DA:21,31
DA:22,31
DA:23,31
DA:25,31
DA:26,31
DA:28,31
DA:29,11
DA:33,31
DA:34,12
DA:35,12
DA:36,12
DA:37,12
DA:38,12
DA:39,12
DA:40,12
DA:41,12
DA:46,12
DA:47,1
DA:48,1
DA:49,1
DA:50,1
DA:52,11
DA:53,11
DA:54,11
DA:57,0
DA:58,0
DA:59,0
DA:61,12
DA:65,31
DA:73,1
DA:79,1
DA:85,1
DA:117,22
DA:139,0
DA:147,0
LF:38
LH:33
BRDA:39,0,0,0
BRDA:39,0,1,12
BRDA:40,1,0,1
BRDA:40,1,1,11
BRDA:43,2,0,0
BRDA:43,2,1,12
BRDA:46,3,0,1
BRDA:46,3,1,11
BRDA:48,4,0,1
BRDA:48,4,1,0
BRDA:54,5,0,10
BRDA:54,5,1,1
BRDA:54,6,0,11
BRDA:54,6,1,10
BRDA:103,7,0,14
BRDA:103,7,1,17
BRDA:107,8,0,1
BRDA:107,8,1,16
BRDA:111,9,0,14
BRDA:111,9,1,2
BRDA:117,10,0,1
BRDA:117,10,1,21
BRDA:124,11,0,1
BRDA:124,11,1,21
BRF:24
BRH:21
end_of_record
TN:
SF:src\components\UploadForm.tsx
FN:4,UploadForm
FN:11,(anonymous_1)
FN:18,(anonymous_2)
FNF:3
FNH:3
FNDA:13,UploadForm
FNDA:3,(anonymous_1)
FNDA:4,(anonymous_2)
DA:5,13
DA:6,13
DA:7,13
DA:8,13
DA:9,13
DA:11,13
DA:12,3
DA:13,3
DA:14,3
DA:18,13
DA:19,4
DA:20,4
DA:21,4
DA:22,1
DA:23,1
DA:25,3
DA:26,3
DA:27,3
DA:28,3
DA:29,3
DA:30,3
DA:37,2
DA:38,1
DA:39,1
DA:41,1
DA:42,1
DA:48,1
DA:51,1
DA:53,3
DA:57,13
LF:30
LH:30
BRDA:12,0,0,3
BRDA:12,0,1,0
BRDA:12,1,0,3
BRDA:12,1,1,3
BRDA:21,2,0,1
BRDA:21,2,1,3
BRDA:33,3,0,0
BRDA:33,3,1,3
BRDA:37,4,0,1
BRDA:37,4,1,1
BRDA:39,5,0,1
BRDA:39,5,1,0
BRDA:44,6,0,0
BRDA:44,6,1,1
BRDA:44,7,0,1
BRDA:44,7,1,0
BRDA:48,8,0,0
BRDA:48,8,1,1
BRDA:82,9,0,3
BRDA:82,9,1,10
BRDA:84,10,0,13
BRDA:84,10,1,3
BRF:22
BRH:16
end_of_record
